#
# There is insufficient memory for the Java Runtime Environment to continue.
# Native memory allocation (mmap) failed to map 360185856 bytes for committing reserved memory.
# Possible reasons:
#   The system is out of physical RAM or swap space
#   In 32 bit mode, the process size limit was hit
# Possible solutions:
#   Reduce memory load on the system
#   Increase physical memory or swap space
#   Check if swap backing store is full
#   Use 64 bit Java on a 64 bit OS
#   Decrease Java heap size (-Xmx/-Xms)
#   Decrease number of Java threads
#   Decrease Java thread stack sizes (-Xss)
#   Set larger code cache with -XX:ReservedCodeCacheSize=
# This output file may be truncated or incomplete.
#
#  Out of Memory Error (os_linux.cpp:2627), pid=10383, tid=0x00007f90ccc70700
#
# JRE version: Java(TM) SE Runtime Environment (8.0_112-b15) (build 1.8.0_112-b15)
# Java VM: Java HotSpot(TM) 64-Bit Server VM (25.112-b15 mixed mode linux-amd64 compressed oops)
# Failed to write core dump. Core dumps have been disabled. To enable core dumping, try "ulimit -c unlimited" before starting Java again
#

---------------  T H R E A D  ---------------

Current thread (0x00007f90e007f800):  VMThread [stack: 0x00007f90ccb70000,0x00007f90ccc71000] [id=10399]

Stack: [0x00007f90ccb70000,0x00007f90ccc71000],  sp=0x00007f90ccc6ef00,  free space=1019k
Native frames: (J=compiled Java code, j=interpreted, Vv=VM code, C=native code)
V  [libjvm.so+0xac6f7a]  VMError::report_and_die()+0x2ba
V  [libjvm.so+0x4fc71b]  report_vm_out_of_memory(char const*, int, unsigned long, VMErrorType, char const*)+0x8b
V  [libjvm.so+0x923b13]  os::Linux::commit_memory_impl(char*, unsigned long, bool)+0x103
V  [libjvm.so+0x924069]  os::pd_commit_memory(char*, unsigned long, unsigned long, bool)+0x29
V  [libjvm.so+0x91e37a]  os::commit_memory(char*, unsigned long, unsigned long, bool)+0x2a
V  [libjvm.so+0x992da3]  PSVirtualSpace::expand_by(unsigned long)+0x53
V  [libjvm.so+0x9941a8]  PSYoungGen::resize_generation(unsigned long, unsigned long)+0xf8
V  [libjvm.so+0x993302]  PSYoungGen::resize(unsigned long, unsigned long)+0x22
V  [libjvm.so+0x9905db]  PSScavenge::invoke_no_policy()+0xf3b
V  [libjvm.so+0x990d61]  PSScavenge::invoke()+0x41
V  [libjvm.so+0x947ac0]  ParallelScavengeHeap::failed_mem_allocate(unsigned long)+0x70
V  [libjvm.so+0xac8997]  VM_ParallelGCFailedAllocation::doit()+0x97
V  [libjvm.so+0xad0475]  VM_Operation::evaluate()+0x55
V  [libjvm.so+0xace84a]  VMThread::evaluate_operation(VM_Operation*)+0xba
V  [libjvm.so+0xacebce]  VMThread::loop()+0x1ce
V  [libjvm.so+0xacf040]  VMThread::run()+0x70
V  [libjvm.so+0x926138]  java_start(Thread*)+0x108

VM_Operation (0x00007f90e6cd9070): ParallelGCFailedAllocation, mode: safepoint, requested by thread 0x00007f90e0008800


---------------  P R O C E S S  ---------------

Java Threads: ( => current thread )
  0x00007f90e0de8000 JavaThread "process reaper" daemon [_thread_blocked, id=10448, stack(0x00007f90cc073000,0x00007f90cc0ac000)]
  0x00007f90e0dbe000 JavaThread "resolver-5" daemon [_thread_blocked, id=10441, stack(0x00007f90be37b000,0x00007f90be47c000)]
  0x00007f90e0dbc800 JavaThread "resolver-4" daemon [_thread_blocked, id=10440, stack(0x00007f90be47c000,0x00007f90be57d000)]
  0x00007f90e0dc2800 JavaThread "resolver-3" daemon [_thread_blocked, id=10439, stack(0x00007f90be57d000,0x00007f90be67e000)]
  0x00007f90e0dc2000 JavaThread "resolver-2" daemon [_thread_blocked, id=10438, stack(0x00007f90bed42000,0x00007f90bee43000)]
  0x00007f90e0b22000 JavaThread "resolver-1" daemon [_thread_blocked, id=10437, stack(0x00007f90bf0d7000,0x00007f90bf1d8000)]
  0x00007f90e0ddc000 JavaThread "process reaper" daemon [_thread_blocked, id=10436, stack(0x00007f90cc0ac000,0x00007f90cc0e5000)]
  0x00007f90e00d2800 JavaThread "Service Thread" daemon [_thread_blocked, id=10407, stack(0x00007f90cc368000,0x00007f90cc469000)]
  0x00007f90e00c7000 JavaThread "C1 CompilerThread3" daemon [_thread_blocked, id=10406, stack(0x00007f90cc469000,0x00007f90cc56a000)]
  0x00007f90e00c5000 JavaThread "C2 CompilerThread2" daemon [_thread_blocked, id=10405, stack(0x00007f90cc56a000,0x00007f90cc66b000)]
  0x00007f90e00c3000 JavaThread "C2 CompilerThread1" daemon [_thread_blocked, id=10404, stack(0x00007f90cc66b000,0x00007f90cc76c000)]
  0x00007f90e00c0000 JavaThread "C2 CompilerThread0" daemon [_thread_blocked, id=10403, stack(0x00007f90cc76c000,0x00007f90cc86d000)]
  0x00007f90e00be800 JavaThread "Signal Dispatcher" daemon [_thread_blocked, id=10402, stack(0x00007f90cc86d000,0x00007f90cc96e000)]
  0x00007f90e008b800 JavaThread "Finalizer" daemon [_thread_blocked, id=10401, stack(0x00007f90cc96e000,0x00007f90cca6f000)]
  0x00007f90e0087000 JavaThread "Reference Handler" daemon [_thread_blocked, id=10400, stack(0x00007f90cca6f000,0x00007f90ccb70000)]
  0x00007f90e0008800 JavaThread "main" [_thread_blocked, id=10389, stack(0x00007f90e6bdb000,0x00007f90e6cdc000)]

Other Threads:
=>0x00007f90e007f800 VMThread [stack: 0x00007f90ccb70000,0x00007f90ccc71000] [id=10399]
  0x00007f90e00d5000 WatcherThread [stack: 0x00007f90cc267000,0x00007f90cc368000] [id=10408]

VM state:at safepoint (normal execution)

VM Mutex/Monitor currently owned by a thread:  ([mutex/lock_event])
[0x00007f90e0006390] Threads_lock - owner thread: 0x00007f90e007f800
[0x00007f90e0006890] Heap_lock - owner thread: 0x00007f90e0008800

Heap:
 PSYoungGen      total 660992K, used 41440K [0x000000076c380000, 0x0000000797880000, 0x00000007c0000000)
  eden space 619520K, 0% used [0x000000076c380000,0x000000076c380000,0x0000000792080000)
  from space 41472K, 99% used [0x0000000792080000,0x00000007948f8040,0x0000000794900000)
  to   space 40960K, 0% used [0x0000000794900000,0x0000000794900000,0x0000000797100000)
 ParOldGen       total 137216K, used 97180K [0x00000006c4a00000, 0x00000006cd000000, 0x000000076c380000)
  object space 137216K, 70% used [0x00000006c4a00000,0x00000006ca8e7100,0x00000006cd000000)
 Metaspace       used 28504K, capacity 29310K, committed 29696K, reserved 1075200K
  class space    used 3196K, capacity 3457K, committed 3584K, reserved 1048576K

Card table byte_map: [0x00007f90d0824000,0x00007f90d1000000] byte_map_base: 0x00007f90cd1ff000

Marking Bits: (ParMarkBitMap*) 0x00007f90e60e2c80
 Begin Bits: [0x00007f9098250000, 0x00007f909c128000)
 End Bits:   [0x00007f909c128000, 0x00007f90a0000000)

Polling page: 0x00007f90e6cf8000

CodeCache: size=245760Kb used=25519Kb max_used=25528Kb free=220240Kb
 bounds [0x00007f90d1000000, 0x00007f90d2920000, 0x00007f90e0000000]
 total_blobs=6739 nmethods=6343 adapters=310
 compilation: enabled

Compilation events (10 events):
Event: 65.881 Thread 0x00007f90e00c7000 7872       3       java.io.ExpiringCache$Entry::timestamp (5 bytes)
Event: 65.882 Thread 0x00007f90e00c7000 nmethod 7872 0x00007f90d28bb090 code [0x00007f90d28bb1e0, 0x00007f90d28bb330]
Event: 65.883 Thread 0x00007f90e00c7000 7873       3       java.io.ExpiringCache::entryFor (57 bytes)
Event: 65.885 Thread 0x00007f90e00c7000 nmethod 7873 0x00007f90d28ca0d0 code [0x00007f90d28ca280, 0x00007f90d28ca7d8]
Event: 73.021 Thread 0x00007f90e00c7000 7874   !   3       java.nio.charset.CharsetEncoder::encode (285 bytes)
Event: 73.023 Thread 0x00007f90e00c5000 7875       4       org.codehaus.plexus.archiver.AbstractArchiver::getLogger (44 bytes)
Event: 73.026 Thread 0x00007f90e00c5000 nmethod 7875 0x00007f90d1caca90 code [0x00007f90d1cacbe0, 0x00007f90d1cacc78]
Event: 73.177 Thread 0x00007f90e00c7000 nmethod 7874 0x00007f90d2900b10 code [0x00007f90d2900de0, 0x00007f90d29023d8]
Event: 73.178 Thread 0x00007f90e00c7000 7876   !   3       sun.nio.cs.StreamEncoder::write (78 bytes)
Event: 73.180 Thread 0x00007f90e00c7000 nmethod 7876 0x00007f90d28dc6d0 code [0x00007f90d28dc8a0, 0x00007f90d28dcfc8]

GC Heap History (10 events):
Event: 44.316 GC heap after
Heap after GC invocations=11 (full 1):
 PSYoungGen      total 318976K, used 4344K [0x000000076c380000, 0x0000000782680000, 0x00000007c0000000)
  eden space 275456K, 0% used [0x000000076c380000,0x000000076c380000,0x000000077d080000)
  from space 43520K, 9% used [0x000000077fa80000,0x000000077febe070,0x0000000782500000)
  to   space 43008K, 0% used [0x000000077d080000,0x000000077d080000,0x000000077fa80000)
 ParOldGen       total 137216K, used 63215K [0x00000006c4a00000, 0x00000006cd000000, 0x000000076c380000)
  object space 137216K, 46% used [0x00000006c4a00000,0x00000006c87bbd08,0x00000006cd000000)
 Metaspace       used 28042K, capacity 28862K, committed 29184K, reserved 1075200K
  class space    used 3173K, capacity 3457K, committed 3584K, reserved 1048576K
}
Event: 44.997 GC heap before
{Heap before GC invocations=12 (full 1):
 PSYoungGen      total 318976K, used 279800K [0x000000076c380000, 0x0000000782680000, 0x00000007c0000000)
  eden space 275456K, 100% used [0x000000076c380000,0x000000077d080000,0x000000077d080000)
  from space 43520K, 9% used [0x000000077fa80000,0x000000077febe070,0x0000000782500000)
  to   space 43008K, 0% used [0x000000077d080000,0x000000077d080000,0x000000077fa80000)
 ParOldGen       total 137216K, used 63215K [0x00000006c4a00000, 0x00000006cd000000, 0x000000076c380000)
  object space 137216K, 46% used [0x00000006c4a00000,0x00000006c87bbd08,0x00000006cd000000)
 Metaspace       used 28045K, capacity 28862K, committed 29184K, reserved 1075200K
  class space    used 3173K, capacity 3457K, committed 3584K, reserved 1048576K
Event: 45.046 GC heap after
Heap after GC invocations=12 (full 1):
 PSYoungGen      total 318464K, used 2852K [0x000000076c380000, 0x000000078ad00000, 0x00000007c0000000)
  eden space 275456K, 0% used [0x000000076c380000,0x000000076c380000,0x000000077d080000)
  from space 43008K, 6% used [0x000000077d080000,0x000000077d349288,0x000000077fa80000)
  to   space 43008K, 0% used [0x0000000788300000,0x0000000788300000,0x000000078ad00000)
 ParOldGen       total 137216K, used 66859K [0x00000006c4a00000, 0x00000006cd000000, 0x000000076c380000)
  object space 137216K, 48% used [0x00000006c4a00000,0x00000006c8b4ad18,0x00000006cd000000)
 Metaspace       used 28045K, capacity 28862K, committed 29184K, reserved 1075200K
  class space    used 3173K, capacity 3457K, committed 3584K, reserved 1048576K
}
Event: 45.646 GC heap before
{Heap before GC invocations=13 (full 1):
 PSYoungGen      total 318464K, used 278308K [0x000000076c380000, 0x000000078ad00000, 0x00000007c0000000)
  eden space 275456K, 100% used [0x000000076c380000,0x000000077d080000,0x000000077d080000)
  from space 43008K, 6% used [0x000000077d080000,0x000000077d349288,0x000000077fa80000)
  to   space 43008K, 0% used [0x0000000788300000,0x0000000788300000,0x000000078ad00000)
 ParOldGen       total 137216K, used 66859K [0x00000006c4a00000, 0x00000006cd000000, 0x000000076c380000)
  object space 137216K, 48% used [0x00000006c4a00000,0x00000006c8b4ad18,0x00000006cd000000)
 Metaspace       used 28057K, capacity 28862K, committed 29184K, reserved 1075200K
  class space    used 3173K, capacity 3457K, committed 3584K, reserved 1048576K
Event: 45.682 GC heap after
Heap after GC invocations=13 (full 1):
 PSYoungGen      total 456192K, used 1856K [0x000000076c380000, 0x000000078ab80000, 0x00000007c0000000)
  eden space 414720K, 0% used [0x000000076c380000,0x000000076c380000,0x0000000785880000)
  from space 41472K, 4% used [0x0000000788300000,0x00000007884d0010,0x000000078ab80000)
  to   space 42496K, 0% used [0x0000000785880000,0x0000000785880000,0x0000000788200000)
 ParOldGen       total 137216K, used 68563K [0x00000006c4a00000, 0x00000006cd000000, 0x000000076c380000)
  object space 137216K, 49% used [0x00000006c4a00000,0x00000006c8cf4d18,0x00000006cd000000)
 Metaspace       used 28057K, capacity 28862K, committed 29184K, reserved 1075200K
  class space    used 3173K, capacity 3457K, committed 3584K, reserved 1048576K
}
Event: 49.257 GC heap before
{Heap before GC invocations=14 (full 1):
 PSYoungGen      total 456192K, used 416576K [0x000000076c380000, 0x000000078ab80000, 0x00000007c0000000)
  eden space 414720K, 100% used [0x000000076c380000,0x0000000785880000,0x0000000785880000)
  from space 41472K, 4% used [0x0000000788300000,0x00000007884d0010,0x000000078ab80000)
  to   space 42496K, 0% used [0x0000000785880000,0x0000000785880000,0x0000000788200000)
 ParOldGen       total 137216K, used 68563K [0x00000006c4a00000, 0x00000006cd000000, 0x000000076c380000)
  object space 137216K, 49% used [0x00000006c4a00000,0x00000006c8cf4d18,0x00000006cd000000)
 Metaspace       used 28502K, capacity 29310K, committed 29696K, reserved 1075200K
  class space    used 3196K, capacity 3457K, committed 3584K, reserved 1048576K
Event: 49.361 GC heap after
Heap after GC invocations=14 (full 1):
 PSYoungGen      total 457216K, used 17375K [0x000000076c380000, 0x0000000797100000, 0x00000007c0000000)
  eden space 414720K, 0% used [0x000000076c380000,0x000000076c380000,0x0000000785880000)
  from space 42496K, 40% used [0x0000000785880000,0x0000000786977d78,0x0000000788200000)
  to   space 40960K, 0% used [0x0000000794900000,0x0000000794900000,0x0000000797100000)
 ParOldGen       total 137216K, used 69979K [0x00000006c4a00000, 0x00000006cd000000, 0x000000076c380000)
  object space 137216K, 50% used [0x00000006c4a00000,0x00000006c8e56d28,0x00000006cd000000)
 Metaspace       used 28502K, capacity 29310K, committed 29696K, reserved 1075200K
  class space    used 3196K, capacity 3457K, committed 3584K, reserved 1048576K
}
Event: 64.161 GC heap before
{Heap before GC invocations=15 (full 1):
 PSYoungGen      total 457216K, used 432095K [0x000000076c380000, 0x0000000797100000, 0x00000007c0000000)
  eden space 414720K, 100% used [0x000000076c380000,0x0000000785880000,0x0000000785880000)
  from space 42496K, 40% used [0x0000000785880000,0x0000000786977d78,0x0000000788200000)
  to   space 40960K, 0% used [0x0000000794900000,0x0000000794900000,0x0000000797100000)
 ParOldGen       total 137216K, used 69979K [0x00000006c4a00000, 0x00000006cd000000, 0x000000076c380000)
  object space 137216K, 50% used [0x00000006c4a00000,0x00000006c8e56d28,0x00000006cd000000)
 Metaspace       used 28504K, capacity 29310K, committed 29696K, reserved 1075200K
  class space    used 3196K, capacity 3457K, committed 3584K, reserved 1048576K
Event: 65.579 GC heap after
Heap after GC invocations=15 (full 1):
 PSYoungGen      total 660480K, used 23052K [0x000000076c380000, 0x0000000797880000, 0x00000007c0000000)
  eden space 619520K, 0% used [0x000000076c380000,0x000000076c380000,0x0000000792080000)
  from space 40960K, 56% used [0x0000000794900000,0x0000000795f83000,0x0000000797100000)
  to   space 41472K, 0% used [0x0000000792080000,0x0000000792080000,0x0000000794900000)
 ParOldGen       total 137216K, used 72883K [0x00000006c4a00000, 0x00000006cd000000, 0x000000076c380000)
  object space 137216K, 53% used [0x00000006c4a00000,0x00000006c912cd38,0x00000006cd000000)
 Metaspace       used 28504K, capacity 29310K, committed 29696K, reserved 1075200K
  class space    used 3196K, capacity 3457K, committed 3584K, reserved 1048576K
}
Event: 89.078 GC heap before
{Heap before GC invocations=16 (full 1):
 PSYoungGen      total 660480K, used 642572K [0x000000076c380000, 0x0000000797880000, 0x00000007c0000000)
  eden space 619520K, 100% used [0x000000076c380000,0x0000000792080000,0x0000000792080000)
  from space 40960K, 56% used [0x0000000794900000,0x0000000795f83000,0x0000000797100000)
  to   space 41472K, 0% used [0x0000000792080000,0x0000000792080000,0x0000000794900000)
 ParOldGen       total 137216K, used 72883K [0x00000006c4a00000, 0x00000006cd000000, 0x000000076c380000)
  object space 137216K, 53% used [0x00000006c4a00000,0x00000006c912cd38,0x00000006cd000000)
 Metaspace       used 28504K, capacity 29310K, committed 29696K, reserved 1075200K
  class space    used 3196K, capacity 3457K, committed 3584K, reserved 1048576K

Deoptimization events (10 events):
Event: 46.849 Thread 0x00007f90e0008800 Uncommon trap: reason=class_check action=maybe_recompile pc=0x00007f90d2616eb8 method=org.codehaus.plexus.archiver.filters.JarSecurityFileSelector.isSelected(Lorg/codehaus/plexus/components/io/fileselectors/FileInfo;)Z @ 1
Event: 46.849 Thread 0x00007f90e0008800 Uncommon trap: reason=class_check action=maybe_recompile pc=0x00007f90d11e9ae4 method=org.apache.maven.plugin.assembly.filter.ComponentsXmlArchiverFileFilter.isSelected(Lorg/codehaus/plexus/components/io/fileselectors/FileInfo;)Z @ 1
Event: 46.849 Thread 0x00007f90e0008800 Uncommon trap: reason=class_check action=maybe_recompile pc=0x00007f90d2616eb8 method=org.codehaus.plexus.archiver.filters.JarSecurityFileSelector.isSelected(Lorg/codehaus/plexus/components/io/fileselectors/FileInfo;)Z @ 1
Event: 46.849 Thread 0x00007f90e0008800 Uncommon trap: reason=class_check action=maybe_recompile pc=0x00007f90d11e9ae4 method=org.apache.maven.plugin.assembly.filter.ComponentsXmlArchiverFileFilter.isSelected(Lorg/codehaus/plexus/components/io/fileselectors/FileInfo;)Z @ 1
Event: 46.849 Thread 0x00007f90e0008800 Uncommon trap: reason=class_check action=maybe_recompile pc=0x00007f90d2616eb8 method=org.codehaus.plexus.archiver.filters.JarSecurityFileSelector.isSelected(Lorg/codehaus/plexus/components/io/fileselectors/FileInfo;)Z @ 1
Event: 46.861 Thread 0x00007f90e0008800 Uncommon trap: reason=class_check action=maybe_recompile pc=0x00007f90d246f6f8 method=org.codehaus.plexus.archiver.AbstractArchiver$1.hasNext()Z @ 184
Event: 46.861 Thread 0x00007f90e0008800 Uncommon trap: reason=class_check action=maybe_recompile pc=0x00007f90d246f6f8 method=org.codehaus.plexus.archiver.AbstractArchiver$1.hasNext()Z @ 184
Event: 46.861 Thread 0x00007f90e0008800 Uncommon trap: reason=class_check action=maybe_recompile pc=0x00007f90d246f6f8 method=org.codehaus.plexus.archiver.AbstractArchiver$1.hasNext()Z @ 184
Event: 46.931 Thread 0x00007f90e0008800 Uncommon trap: reason=unstable_if action=reinterpret pc=0x00007f90d16c67e8 method=java.util.Vector.removeElementAt(I)V @ 75
Event: 65.879 Thread 0x00007f90e0008800 Uncommon trap: reason=unstable_if action=reinterpret pc=0x00007f90d28ba378 method=java.io.ExpiringCache.entryFor(Ljava/lang/String;)Ljava/io/ExpiringCache$Entry; @ 39

Internal exceptions (10 events):
Event: 25.350 Thread 0x00007f90e0008800 Exception <a 'java/security/PrivilegedActionException'> (0x000000076e342a20) thrown at [/HUDSON3/workspace/8-2-build-linux-amd64/jdk8u112/7884/hotspot/src/share/vm/prims/jvm.cpp, line 1390]
Event: 25.350 Thread 0x00007f90e0008800 Exception <a 'java/security/PrivilegedActionException'> (0x000000076e342e18) thrown at [/HUDSON3/workspace/8-2-build-linux-amd64/jdk8u112/7884/hotspot/src/share/vm/prims/jvm.cpp, line 1390]
Event: 25.369 Thread 0x00007f90e0008800 Implicit null exception at 0x00007f90d15b1ecf to 0x00007f90d15b1fe9
Event: 25.599 Thread 0x00007f90e0008800 Implicit null exception at 0x00007f90d1d6c0e0 to 0x00007f90d1d6db7d
Event: 39.622 Thread 0x00007f90e0008800 Exception <a 'java/lang/NoSuchFieldError': method resolution failed> (0x0000000771075048) thrown at [/HUDSON3/workspace/8-2-build-linux-amd64/jdk8u112/7884/hotspot/src/share/vm/prims/methodHandles.cpp, line 1146]
Event: 39.624 Thread 0x00007f90e0008800 Exception <a 'java/lang/NoSuchFieldError': method resolution failed> (0x0000000771082708) thrown at [/HUDSON3/workspace/8-2-build-linux-amd64/jdk8u112/7884/hotspot/src/share/vm/prims/methodHandles.cpp, line 1146]
Event: 40.261 Thread 0x00007f90e0008800 Implicit null exception at 0x00007f90d1994c37 to 0x00007f90d199519d
Event: 40.357 Thread 0x00007f90e0008800 Implicit null exception at 0x00007f90d1ae9e18 to 0x00007f90d1aea089
Event: 42.608 Thread 0x00007f90e0b22000 Implicit null exception at 0x00007f90d26edbb8 to 0x00007f90d26ee549
Event: 42.634 Thread 0x00007f90e0dc2800 Implicit null exception at 0x00007f90d26e8a6c to 0x00007f90d26e9375

Events (10 events):
Event: 65.687 Executing VM operation: RevokeBias
Event: 65.687 Executing VM operation: RevokeBias done
Event: 65.687 Executing VM operation: BulkRevokeBias
Event: 65.687 Executing VM operation: BulkRevokeBias done
Event: 65.878 Thread 0x00007f90e0008800 Uncommon trap: trap_request=0xffffff65 fr.pc=0x00007f90d28ba378
Event: 65.879 Thread 0x00007f90e0008800 DEOPT PACKING pc=0x00007f90d28ba378 sp=0x00007f90e6cd84e0
Event: 65.879 Thread 0x00007f90e0008800 DEOPT UNPACKING pc=0x00007f90d1004f69 sp=0x00007f90e6cd84c0 mode 2
Event: 65.885 Thread 0x00007f90e00c7000 flushing nmethod 0x00007f90d1378990
Event: 73.180 Thread 0x00007f90e00c7000 flushing nmethod 0x00007f90d1699c50
Event: 89.075 Executing VM operation: ParallelGCFailedAllocation


Dynamic libraries:
00400000-00401000 r-xp 00000000 fd:02 410019                             /home/softwares/jdk1.8.0_112/bin/java
00600000-00601000 rw-p 00000000 fd:02 410019                             /home/softwares/jdk1.8.0_112/bin/java
01b65000-01b86000 rw-p 00000000 00:00 0                                  [heap]
6c4a00000-6cd000000 rw-p 00000000 00:00 0 
6cd000000-76c380000 ---p 00000000 00:00 0 
76c380000-797880000 rw-p 00000000 00:00 0 
7ad000000-7c0000000 ---p 00000000 00:00 0 
7c0000000-7c0380000 rw-p 00000000 00:00 0 
7c0380000-800000000 ---p 00000000 00:00 0 
7f9040000000-7f9040021000 rw-p 00000000 00:00 0 
7f9040021000-7f9044000000 ---p 00000000 00:00 0 
7f9044000000-7f9044021000 rw-p 00000000 00:00 0 
7f9044021000-7f9048000000 ---p 00000000 00:00 0 
7f9048000000-7f9048021000 rw-p 00000000 00:00 0 
7f9048021000-7f904c000000 ---p 00000000 00:00 0 
7f904c000000-7f904c021000 rw-p 00000000 00:00 0 
7f904c021000-7f9050000000 ---p 00000000 00:00 0 
7f9050000000-7f9050021000 rw-p 00000000 00:00 0 
7f9050021000-7f9054000000 ---p 00000000 00:00 0 
7f9054000000-7f9054021000 rw-p 00000000 00:00 0 
7f9054021000-7f9058000000 ---p 00000000 00:00 0 
7f9058000000-7f9058021000 rw-p 00000000 00:00 0 
7f9058021000-7f905c000000 ---p 00000000 00:00 0 
7f905c000000-7f905c021000 rw-p 00000000 00:00 0 
7f905c021000-7f9060000000 ---p 00000000 00:00 0 
7f9060000000-7f9060021000 rw-p 00000000 00:00 0 
7f9060021000-7f9064000000 ---p 00000000 00:00 0 
7f9064000000-7f9064021000 rw-p 00000000 00:00 0 
7f9064021000-7f9068000000 ---p 00000000 00:00 0 
7f9068000000-7f9068f88000 rw-p 00000000 00:00 0 
7f9068f88000-7f906c000000 ---p 00000000 00:00 0 
7f906c000000-7f906c021000 rw-p 00000000 00:00 0 
7f906c021000-7f9070000000 ---p 00000000 00:00 0 
7f9070000000-7f907186f000 rw-p 00000000 00:00 0 
7f907186f000-7f9074000000 ---p 00000000 00:00 0 
7f9074000000-7f9075d65000 rw-p 00000000 00:00 0 
7f9075d65000-7f9078000000 ---p 00000000 00:00 0 
7f9078000000-7f90792fa000 rw-p 00000000 00:00 0 
7f90792fa000-7f907c000000 ---p 00000000 00:00 0 
7f907e16d000-7f9084000000 r--p 00000000 fd:00 1966694                    /usr/lib/locale/locale-archive
7f9084000000-7f9084021000 rw-p 00000000 00:00 0 
7f9084021000-7f9088000000 ---p 00000000 00:00 0 
7f9088000000-7f9088021000 rw-p 00000000 00:00 0 
7f9088021000-7f908c000000 ---p 00000000 00:00 0 
7f908c000000-7f908c28d000 rw-p 00000000 00:00 0 
7f908c28d000-7f9090000000 ---p 00000000 00:00 0 
7f9090000000-7f9090021000 rw-p 00000000 00:00 0 
7f9090021000-7f9094000000 ---p 00000000 00:00 0 
7f9094000000-7f9094021000 rw-p 00000000 00:00 0 
7f9094021000-7f9098000000 ---p 00000000 00:00 0 
7f9098250000-7f90a0000000 rw-p 00000000 00:00 0 
7f90a0000000-7f90a0021000 rw-p 00000000 00:00 0 
7f90a0021000-7f90a4000000 ---p 00000000 00:00 0 
7f90a8000000-7f90a8021000 rw-p 00000000 00:00 0 
7f90a8021000-7f90ac000000 ---p 00000000 00:00 0 
7f90b0000000-7f90b0021000 rw-p 00000000 00:00 0 
7f90b0021000-7f90b4000000 ---p 00000000 00:00 0 
7f90b8000000-7f90b8021000 rw-p 00000000 00:00 0 
7f90b8021000-7f90bc000000 ---p 00000000 00:00 0 
7f90be093000-7f90be096000 ---p 00000000 00:00 0 
7f90be096000-7f90be194000 rw-p 00000000 00:00 0 
7f90be194000-7f90be197000 ---p 00000000 00:00 0 
7f90be197000-7f90be295000 rw-p 00000000 00:00 0 
7f90be295000-7f90be37b000 r--s 008d7000 fd:02 1593808                    /home/jliu/.m2/repository/com/amazonaws/aws-java-sdk/1.4.7/aws-java-sdk-1.4.7.jar
7f90be37b000-7f90be37e000 ---p 00000000 00:00 0 
7f90be37e000-7f90be47c000 rw-p 00000000 00:00 0                          [stack:10441]
7f90be47c000-7f90be47f000 ---p 00000000 00:00 0 
7f90be47f000-7f90be57d000 rw-p 00000000 00:00 0                          [stack:10440]
7f90be57d000-7f90be580000 ---p 00000000 00:00 0 
7f90be580000-7f90be7fe000 rw-p 00000000 00:00 0                          [stack:10439]
7f90be7fe000-7f90be87e000 ---p 00000000 00:00 0 
7f90be87e000-7f90bea7e000 rw-p 00000000 00:00 0 
7f90bea7e000-7f90bec7e000 rw-p 00000000 00:00 0 
7f90becaf000-7f90bed21000 r--s 0065a000 fd:02 2521946                    /home/jliu/.m2/repository/org/scala-lang/scala-library/2.10.4/scala-library-2.10.4.jar
7f90bed21000-7f90bed42000 r--s 00154000 fd:02 2402306                    /home/jliu/.m2/repository/com/sun/jersey/jersey-bundle/1.18/jersey-bundle-1.18.jar
7f90bed42000-7f90bed45000 ---p 00000000 00:00 0 
7f90bed45000-7f90bf043000 rw-p 00000000 00:00 0                          [stack:10438]
7f90bf046000-7f90bf047000 rw-p 00000000 00:00 0 
7f90bf047000-7f90bf04a000 r--s 00012000 fd:02 2402308                    /home/jliu/.m2/repository/com/yammer/metrics/metrics-core/2.2.0/metrics-core-2.2.0.jar
7f90bf04a000-7f90bf054000 r--s 0005d000 fd:02 2521940                    /home/jliu/.m2/repository/ch/qos/logback/logback-core/1.0.13/logback-core-1.0.13.jar
7f90bf054000-7f90bf05a000 r--s 0003b000 fd:02 2521938                    /home/jliu/.m2/repository/ch/qos/logback/logback-classic/1.0.13/logback-classic-1.0.13.jar
7f90bf05a000-7f90bf05c000 r--s 0000a000 fd:02 2521936                    /home/jliu/.m2/repository/javax/ws/rs/jsr311-api/1.1.1/jsr311-api-1.1.1.jar
7f90bf05c000-7f90bf062000 r--s 0003f000 fd:02 2521934                    /home/jliu/.m2/repository/commons-net/commons-net/3.3/commons-net-3.3.jar
7f90bf062000-7f90bf06f000 r--s 00097000 fd:02 4454946                    /home/jliu/.m2/repository/org/codehaus/jackson/jackson-mapper-asl/1.8.9/jackson-mapper-asl-1.8.9.jar
7f90bf06f000-7f90bf0b6000 r--s 00388000 fd:02 2521944                    /home/jliu/.m2/repository/org/apache/kafka/kafka_2.10/0.8.2.0/kafka_2.10-0.8.2.0.jar
7f90bf0b6000-7f90bf0ba000 r--s 00034000 fd:02 4453045                    /home/jliu/.m2/repository/org/codehaus/jackson/jackson-core-asl/1.8.9/jackson-core-asl-1.8.9.jar
7f90bf0ba000-7f90bf0bf000 r--s 00028000 fd:02 2521930                    /home/jliu/.m2/repository/org/apache/httpcomponents/httpcore/4.1/httpcore-4.1.jar
7f90bf0bf000-7f90bf0d7000 r--s 00110000 fd:02 2521956                    /home/jliu/.m2/repository/io/netty/netty/3.7.0.Final/netty-3.7.0.Final.jar
7f90bf0d7000-7f90bf0da000 ---p 00000000 00:00 0 
7f90bf0da000-7f90bf3d8000 rw-p 00000000 00:00 0                          [stack:10437]
7f90bf3d8000-7f90bf5d8000 rw-p 00000000 00:00 0 
7f90bf5d8000-7f90bf5e9000 r-xp 00000000 fd:02 410139                     /home/softwares/jdk1.8.0_112/jre/lib/amd64/libnio.so
7f90bf5e9000-7f90bf7e8000 ---p 00011000 fd:02 410139                     /home/softwares/jdk1.8.0_112/jre/lib/amd64/libnio.so
7f90bf7e8000-7f90bf7e9000 rw-p 00010000 fd:02 410139                     /home/softwares/jdk1.8.0_112/jre/lib/amd64/libnio.so
7f90bf7e9000-7f90bf7ff000 r-xp 00000000 fd:02 410111                     /home/softwares/jdk1.8.0_112/jre/lib/amd64/libnet.so
7f90bf7ff000-7f90bf9ff000 ---p 00016000 fd:02 410111                     /home/softwares/jdk1.8.0_112/jre/lib/amd64/libnet.so
7f90bf9ff000-7f90bfa00000 rw-p 00016000 fd:02 410111                     /home/softwares/jdk1.8.0_112/jre/lib/amd64/libnet.so
7f90bfa00000-7f90bfc00000 rw-p 00000000 00:00 0 
7f90bfc00000-7f90bfe00000 rw-p 00000000 00:00 0 
7f90bfe00000-7f90c0000000 rw-p 00000000 00:00 0 
7f90c0000000-7f90c0021000 rw-p 00000000 00:00 0 
7f90c0021000-7f90c4000000 ---p 00000000 00:00 0 
7f90c4000000-7f90c4021000 rw-p 00000000 00:00 0 
7f90c4021000-7f90c8000000 ---p 00000000 00:00 0 
7f90c8000000-7f90c8021000 rw-p 00000000 00:00 0 
7f90c8021000-7f90cc000000 ---p 00000000 00:00 0 
7f90cc000000-7f90cc008000 r--s 0004e000 fd:02 2521928                    /home/jliu/.m2/repository/org/apache/httpcomponents/httpclient/4.1/httpclient-4.1.jar
7f90cc008000-7f90cc00f000 r--s 0266d000 fd:02 657256                     /home/jliu/.m2/repository/xuggle/xuggle-xuggler/5.4/xuggle-xuggler-5.4.jar
7f90cc00f000-7f90cc011000 r--s 00027000 fd:02 423807                     /home/jliu/.m2/repository/net/jpountz/lz4/lz4/1.2.0/lz4-1.2.0.jar
7f90cc011000-7f90cc03c000 r--s 001fc000 fd:02 2521942                    /home/jliu/.m2/repository/com/google/guava/guava/18.0/guava-18.0.jar
7f90cc03c000-7f90cc03d000 r--s 0000c000 fd:02 661299                     /home/jliu/.m2/repository/commons-cli/commons-cli/1.3/commons-cli-1.3.jar
7f90cc03d000-7f90cc044000 r--s 00049000 fd:02 2521950                    /home/jliu/.m2/repository/org/apache/kafka/kafka-clients/0.8.2.0/kafka-clients-0.8.2.0.jar
7f90cc044000-7f90cc046000 r--s 00014000 fd:02 2521954                    /home/jliu/.m2/repository/jline/jline/0.9.94/jline-0.9.94.jar
7f90cc046000-7f90cc048000 r--s 00005000 fd:02 2522197                    /home/jliu/.m2/repository/org/slf4j/slf4j-api/1.7.5/slf4j-api-1.7.5.jar
7f90cc048000-7f90cc054000 r--s 000b6000 fd:02 2131909                    /home/jliu/.m2/repository/org/apache/zookeeper/zookeeper/3.4.6/zookeeper-3.4.6.jar
7f90cc054000-7f90cc056000 r--s 00010000 fd:02 1739635                    /home/jliu/.m2/repository/org/apache/curator/curator-client/2.10.0/curator-client-2.10.0.jar
7f90cc056000-7f90cc05c000 r--s 0002a000 fd:02 1058542                    /home/jliu/.m2/repository/org/apache/curator/curator-framework/2.10.0/curator-framework-2.10.0.jar
7f90cc05c000-7f90cc060000 r--s 0002a000 fd:02 661295                     /home/jliu/.m2/repository/commons-io/commons-io/2.4/commons-io-2.4.jar
7f90cc060000-7f90cc063000 r--s 00016000 fd:02 2402304                    /home/jliu/.m2/repository/org/apache/storm/storm-kafka/1.0.1/storm-kafka-1.0.1.jar
7f90cc063000-7f90cc065000 r--s 0000a000 fd:02 2521932                    /home/jliu/.m2/repository/commons-codec/commons-codec/1.3/commons-codec-1.3.jar
7f90cc065000-7f90cc067000 r--s 0000d000 fd:02 1873836                    /home/jliu/.m2/repository/commons-logging/commons-logging/1.1.1/commons-logging-1.1.1.jar
7f90cc067000-7f90cc06b000 r--s 00069000 fd:02 657254                     /home/jliu/.m2/repository/org/opencv/2.4.8/opencv-2.4.8.jar
7f90cc06b000-7f90cc06c000 r--s 00003000 fd:02 1193718                    /home/jliu/.m2/repository/com/googlecode/json-simple/json-simple/1.1/json-simple-1.1.jar
7f90cc06c000-7f90cc071000 r--s 00040000 fd:02 661297                     /home/jliu/.m2/repository/commons-lang/commons-lang/2.5/commons-lang-2.5.jar
7f90cc071000-7f90cc073000 r--s 0008f000 fd:02 2521952                    /home/jliu/.m2/repository/org/xerial/snappy/snappy-java/1.1.1.6/snappy-java-1.1.1.6.jar
7f90cc073000-7f90cc076000 ---p 00000000 00:00 0 
7f90cc076000-7f90cc0ac000 rw-p 00000000 00:00 0                          [stack:10448]
7f90cc0ac000-7f90cc0af000 ---p 00000000 00:00 0 
7f90cc0af000-7f90cc0e5000 rw-p 00000000 00:00 0                          [stack:10436]
7f90cc0e5000-7f90cc0e6000 r--p 00000000 00:00 0 
7f90cc0e6000-7f90cc0e7000 r--s 00005000 fd:02 785471                     /home/jliu/.m2/repository/org/apache/maven/shared/maven-repository-builder/1.0-alpha-2/maven-repository-builder-1.0-alpha-2.jar
7f90cc0e7000-7f90cc0eb000 r--s 00033000 fd:02 785465                     /home/jliu/.m2/repository/org/codehaus/plexus/plexus-utils/2.0.1/plexus-utils-2.0.1.jar
7f90cc0eb000-7f90cc0ec000 r--s 00004000 fd:02 785463                     /home/jliu/.m2/repository/org/apache/maven/maven-archiver/2.4/maven-archiver-2.4.jar
7f90cc0ec000-7f90cc0ee000 r--s 0000a000 fd:02 785455                     /home/jliu/.m2/repository/org/codehaus/plexus/plexus-io/1.0-alpha-4/plexus-io-1.0-alpha-4.jar
7f90cc0ee000-7f90cc0f0000 r--s 00004000 fd:02 423776                     /home/jliu/.m2/repository/org/codehaus/plexus/plexus-active-collections/1.0-beta-2/plexus-active-collections-1.0-beta-2.jar
7f90cc0f0000-7f90cc0f2000 r--s 00007000 fd:02 655826                     /home/jliu/.m2/repository/org/apache/maven/shared/maven-filtering/1.0-beta-2/maven-filtering-1.0-beta-2.jar
7f90cc0f2000-7f90cc0f4000 r--s 00008000 fd:02 785449                     /home/jliu/.m2/repository/org/apache/maven/shared/maven-shared-io/1.1/maven-shared-io-1.1.jar
7f90cc0f4000-7f90cc0f6000 r--s 00006000 fd:02 785447                     /home/jliu/.m2/repository/org/apache/maven/shared/file-management/1.1/file-management-1.1.jar
7f90cc0f6000-7f90cc0fa000 r--s 00028000 fd:02 785445                     /home/jliu/.m2/repository/org/codehaus/plexus/plexus-archiver/1.0-alpha-12/plexus-archiver-1.0-alpha-12.jar
7f90cc0fa000-7f90cc0fc000 r--s 0000b000 fd:02 785443                     /home/jliu/.m2/repository/org/codehaus/plexus/plexus-interpolation/1.7/plexus-interpolation-1.7.jar
7f90cc0fc000-7f90cc0fd000 r--s 00007000 fd:02 657555                     /home/jliu/.m2/repository/org/apache/maven/shared/maven-plugin-testing-harness/1.1/maven-plugin-testing-harness-1.1.jar
7f90cc0fd000-7f90cc0ff000 r--s 00006000 fd:02 657553                     /home/jliu/.m2/repository/org/apache/maven/shared/maven-common-artifact-filters/1.1/maven-common-artifact-filters-1.1.jar
7f90cc0ff000-7f90cc103000 r--s 0002f000 fd:02 4450691                    /home/jliu/.m2/repository/org/apache/maven/plugins/maven-assembly-plugin/2.2-beta-5/maven-assembly-plugin-2.2-beta-5.jar
7f90cc103000-7f90cc107000 r--s 0002f000 fd:02 655053                     /home/jliu/.m2/repository/commons-lang/commons-lang/2.1/commons-lang-2.1.jar
7f90cc107000-7f90cc10a000 r--s 0000c000 fd:02 655815                     /home/jliu/.m2/repository/org/codehaus/plexus/plexus-io/2.0.2/plexus-io-2.0.2.jar
7f90cc10a000-7f90cc10f000 r--s 00029000 fd:02 655818                     /home/jliu/.m2/repository/org/codehaus/plexus/plexus-archiver/2.1/plexus-archiver-2.1.jar
7f90cc10f000-7f90cc111000 r--s 0000d000 fd:02 655822                     /home/jliu/.m2/repository/org/codehaus/plexus/plexus-interpolation/1.15/plexus-interpolation-1.15.jar
7f90cc111000-7f90cc113000 r--s 00004000 fd:02 655816                     /home/jliu/.m2/repository/org/apache/maven/maven-archiver/2.5/maven-archiver-2.5.jar
7f90cc113000-7f90cc115000 r--s 00007000 fd:02 4452782                    /home/jliu/.m2/repository/org/apache/maven/plugins/maven-jar-plugin/2.4/maven-jar-plugin-2.4.jar
7f90cc115000-7f90cc117000 r--s 00002000 fd:02 655746                     /home/jliu/.m2/repository/org/apache/maven/plugin-tools/maven-plugin-annotations/3.1/maven-plugin-annotations-3.1.jar
7f90cc117000-7f90cc118000 r--s 00002000 fd:02 655742                     /home/jliu/.m2/repository/org/apache/maven/reporting/maven-reporting-api/2.0.9/maven-reporting-api-2.0.9.jar
7f90cc118000-7f90cc11c000 r--s 00035000 fd:02 655740                     /home/jliu/.m2/repository/org/codehaus/plexus/plexus-utils/3.0.8/plexus-utils-3.0.8.jar
7f90cc11c000-7f90cc11e000 r--s 00006000 fd:02 655738                     /home/jliu/.m2/repository/org/apache/maven/shared/maven-common-artifact-filters/1.3/maven-common-artifact-filters-1.3.jar
7f90cc11e000-7f90cc124000 r--s 00048000 fd:02 525475                     /home/jliu/.m2/repository/org/apache/commons/commons-lang3/3.1/commons-lang3-3.1.jar
7f90cc124000-7f90cc129000 r--s 0003c000 fd:02 655736                     /home/jliu/.m2/repository/org/apache/maven/surefire/maven-surefire-common/2.12.4/maven-surefire-common-2.12.4.jar
7f90cc129000-7f90cc12d000 r--s 00019000 fd:02 655734                     /home/jliu/.m2/repository/org/apache/maven/surefire/surefire-api/2.12.4/surefire-api-2.12.4.jar
7f90cc12d000-7f90cc12f000 r--s 00007000 fd:02 655732                     /home/jliu/.m2/repository/org/apache/maven/surefire/surefire-booter/2.12.4/surefire-booter-2.12.4.jar
7f90cc12f000-7f90cc130000 r--s 00007000 fd:02 655179                     /home/jliu/.m2/repository/org/apache/maven/plugins/maven-surefire-plugin/2.12.4/maven-surefire-plugin-2.12.4.jar
7f90cc130000-7f90cc1a9000 r--s 010e7000 fd:02 409239                     /home/softwares/jdk1.8.0_112/lib/tools.jar
7f90cc1a9000-7f90cc1ac000 r--s 0001b000 fd:02 657113                     /home/jliu/.m2/repository/junit/junit/3.8.2/junit-3.8.2.jar
7f90cc1ac000-7f90cc1ba000 r--s 0008f000 fd:02 657111                     /home/jliu/.m2/repository/com/google/collections/google-collections/1.0/google-collections-1.0.jar
7f90cc1ba000-7f90cc1bb000 r--s 0000a000 fd:02 657109                     /home/jliu/.m2/repository/commons-logging/commons-logging-api/1.1/commons-logging-api-1.1.jar
7f90cc1bb000-7f90cc1c2000 r--s 00051000 fd:02 657107                     /home/jliu/.m2/repository/log4j/log4j/1.2.12/log4j-1.2.12.jar
7f90cc1c2000-7f90cc1c6000 r--s 0001d000 fd:02 657105                     /home/jliu/.m2/repository/org/apache/xbean/xbean-reflect/3.4/xbean-reflect-3.4.jar
7f90cc1c6000-7f90cc1c7000 r--s 00004000 fd:02 657099                     /home/jliu/.m2/repository/org/codehaus/plexus/plexus-compiler-javac/2.2/plexus-compiler-javac-2.2.jar
7f90cc1c7000-7f90cc1c9000 r--s 00000000 fd:02 657097                     /home/jliu/.m2/repository/org/codehaus/plexus/plexus-compiler-manager/2.2/plexus-compiler-manager-2.2.jar
7f90cc1c9000-7f90cc1cb000 r--s 00005000 fd:02 657095                     /home/jliu/.m2/repository/org/codehaus/plexus/plexus-compiler-api/2.2/plexus-compiler-api-2.2.jar
7f90cc1cb000-7f90cc1cd000 r--s 00000000 fd:02 416786                     /home/jliu/.m2/repository/org/codehaus/plexus/plexus-component-annotations/1.5.5/plexus-component-annotations-1.5.5.jar
7f90cc1cd000-7f90cc1cf000 r--s 00002000 fd:02 657093                     /home/jliu/.m2/repository/org/apache/maven/shared/maven-shared-incremental/1.1/maven-shared-incremental-1.1.jar
7f90cc1cf000-7f90cc1d1000 r--s 00006000 fd:02 657091                     /home/jliu/.m2/repository/com/google/code/findbugs/jsr305/2.0.1/jsr305-2.0.1.jar
7f90cc1d1000-7f90cc1d4000 r--s 00023000 fd:02 657089                     /home/jliu/.m2/repository/org/apache/maven/shared/maven-shared-utils/0.1/maven-shared-utils-0.1.jar
7f90cc1d4000-7f90cc1d8000 r--s 00030000 fd:02 423416                     /home/jliu/.m2/repository/org/codehaus/plexus/plexus-utils/1.5.1/plexus-utils-1.5.1.jar
7f90cc1d8000-7f90cc1da000 r--s 00009000 fd:02 656997                     /home/jliu/.m2/repository/org/apache/maven/plugins/maven-compiler-plugin/3.1/maven-compiler-plugin-3.1.jar
7f90cc1da000-7f90cc1dc000 r--s 0000d000 fd:02 655532                     /home/jliu/.m2/repository/org/codehaus/plexus/plexus-interpolation/1.13/plexus-interpolation-1.13.jar
7f90cc1dc000-7f90cc1dd000 r--s 00001000 fd:02 655530                     /home/jliu/.m2/repository/org/sonatype/plexus/plexus-build-api/0.0.4/plexus-build-api-0.0.4.jar
7f90cc1dd000-7f90cc1df000 r--s 00009000 fd:02 655527                     /home/jliu/.m2/repository/org/apache/maven/shared/maven-filtering/1.1/maven-filtering-1.1.jar
7f90cc1df000-7f90cc1e3000 r--s 00033000 fd:02 4450815                    /home/jliu/.m2/repository/org/codehaus/plexus/plexus-utils/2.0.5/plexus-utils-2.0.5.jar
7f90cc1e3000-7f90cc1e6000 r--s 0001b000 fd:02 655525                     /home/jliu/.m2/repository/junit/junit/3.8.1/junit-3.8.1.jar
7f90cc1e6000-7f90cc1e8000 r--s 00002000 fd:02 655517                     /home/jliu/.m2/repository/org/codehaus/plexus/plexus-interactivity-api/1.0-alpha-4/plexus-interactivity-api-1.0-alpha-4.jar
7f90cc1e8000-7f90cc1ea000 r--s 00006000 fd:02 655513                     /home/jliu/.m2/repository/commons-cli/commons-cli/1.0/commons-cli-1.0.jar
7f90cc1ea000-7f90cc1eb000 r--s 00001000 fd:02 655507                     /home/jliu/.m2/repository/org/apache/maven/doxia/doxia-sink-api/1.0-alpha-7/doxia-sink-api-1.0-alpha-7.jar
7f90cc1eb000-7f90cc1ec000 r--s 00002000 fd:02 655506                     /home/jliu/.m2/repository/org/apache/maven/reporting/maven-reporting-api/2.0.6/maven-reporting-api-2.0.6.jar
7f90cc1ec000-7f90cc1ee000 r--s 00006000 fd:02 655159                     /home/jliu/.m2/repository/org/apache/maven/plugins/maven-resources-plugin/2.6/maven-resources-plugin-2.6.jar
7f90cc1ee000-7f90cc1f2000 r--s 00034000 fd:02 4450801                    /home/jliu/.m2/repository/org/codehaus/plexus/plexus-utils/3.0/plexus-utils-3.0.jar
7f90cc1f2000-7f90cc1f4000 r--s 00005000 fd:02 4450621                    /home/jliu/.m2/repository/org/apache/maven/plugins/maven-clean-plugin/2.5/maven-clean-plugin-2.5.jar
7f90cc1f4000-7f90cc1f9000 r--s 00098000 fd:02 410050                     /home/softwares/jdk1.8.0_112/jre/lib/jsse.jar
7f90cc1f9000-7f90cc1fa000 r--s 00002000 fd:02 416138                     /home/softwares/eclipse/plugins/org.eclipse.m2e.maven.runtime.slf4j.simple_1.7.0.20160603-1931/jars/slf4j-simple-1.7.5.jar
7f90cc1fa000-7f90cc1ff000 r--s 00041000 fd:02 415608                     /home/softwares/eclipse/plugins/org.eclipse.m2e.maven.runtime_1.7.0.20160603-1931/jars/commons-lang-2.6.jar
7f90cc1ff000-7f90cc200000 r--s 00002000 fd:02 415620                     /home/softwares/eclipse/plugins/org.eclipse.m2e.maven.runtime_1.7.0.20160603-1931/jars/wagon-file-2.10.jar
7f90cc200000-7f90cc202000 r--s 00005000 fd:02 415607                     /home/softwares/eclipse/plugins/org.eclipse.m2e.maven.runtime_1.7.0.20160603-1931/jars/aether-transport-wagon-1.0.2.v20150114.jar
7f90cc202000-7f90cc203000 r--s 00008000 fd:02 415622                     /home/softwares/eclipse/plugins/org.eclipse.m2e.maven.runtime_1.7.0.20160603-1931/jars/aether-connector-basic-1.0.2.v20150114.jar
7f90cc203000-7f90cc205000 r--s 0000f000 fd:02 415627                     /home/softwares/eclipse/plugins/org.eclipse.m2e.maven.runtime_1.7.0.20160603-1931/jars/okio-1.6.0.jar
7f90cc205000-7f90cc20a000 r--s 00049000 fd:02 415638                     /home/softwares/eclipse/plugins/org.eclipse.m2e.maven.runtime_1.7.0.20160603-1931/jars/okhttp-2.5.0.jar
7f90cc20a000-7f90cc20c000 r--s 0000b000 fd:02 415618                     /home/softwares/eclipse/plugins/org.eclipse.m2e.maven.runtime_1.7.0.20160603-1931/jars/aether-connector-okhttp-0.16.0.jar
7f90cc20c000-7f90cc20e000 r--s 00006000 fd:02 415631                     /home/softwares/eclipse/plugins/org.eclipse.m2e.maven.runtime_1.7.0.20160603-1931/jars/aether-spi-1.0.2.v20150114.jar
7f90cc20e000-7f90cc212000 r--s 00027000 fd:02 415635                     /home/softwares/eclipse/plugins/org.eclipse.m2e.maven.runtime_1.7.0.20160603-1931/jars/aether-impl-1.0.2.v20150114.jar
7f90cc212000-7f90cc23d000 r--s 001fc000 fd:02 415605                     /home/softwares/eclipse/plugins/org.eclipse.m2e.maven.runtime_1.7.0.20160603-1931/jars/guava-18.0.jar
7f90cc23d000-7f90cc245000 r--s 00055000 fd:02 415636                     /home/softwares/eclipse/plugins/org.eclipse.m2e.maven.runtime_1.7.0.20160603-1931/jars/org.eclipse.sisu.inject-0.3.2.jar
7f90cc245000-7f90cc246000 r--s 00001000 fd:02 415640                     /home/softwares/eclipse/plugins/org.eclipse.m2e.maven.runtime_1.7.0.20160603-1931/jars/jsr250-api-1.0.jar
7f90cc246000-7f90cc249000 r--s 00008000 fd:02 415606                     /home/softwares/eclipse/plugins/org.eclipse.m2e.maven.runtime_1.7.0.20160603-1931/jars/cdi-api-1.0.jar
7f90cc249000-7f90cc24f000 r--s 0002d000 fd:02 415617                     /home/softwares/eclipse/plugins/org.eclipse.m2e.maven.runtime_1.7.0.20160603-1931/jars/org.eclipse.sisu.plexus-0.3.2.jar
7f90cc24f000-7f90cc252000 r--s 0000b000 fd:02 415626                     /home/softwares/eclipse/plugins/org.eclipse.m2e.maven.runtime_1.7.0.20160603-1931/jars/wagon-provider-api-2.10.jar
7f90cc252000-7f90cc258000 r--s 00041000 fd:02 415641                     /home/softwares/eclipse/plugins/org.eclipse.m2e.maven.runtime_1.7.0.20160603-1931/jars/maven-compat-3.3.9.jar
7f90cc258000-7f90cc25a000 r--s 00009000 fd:02 415634                     /home/softwares/eclipse/plugins/org.eclipse.m2e.maven.runtime_1.7.0.20160603-1931/jars/commons-cli-1.2.jar
7f90cc25a000-7f90cc25c000 r--s 00002000 fd:02 415616                     /home/softwares/eclipse/plugins/org.eclipse.m2e.maven.runtime_1.7.0.20160603-1931/jars/plexus-cipher-1.7.jar
7f90cc25c000-7f90cc25f000 r--s 00013000 fd:02 415612                     /home/softwares/eclipse/plugins/org.eclipse.m2e.maven.runtime_1.7.0.20160603-1931/jars/maven-embedder-3.3.9.jar
7f90cc25f000-7f90cc266000 r--s 00064000 fd:02 415619                     /home/softwares/eclipse/plugins/org.eclipse.m2e.maven.runtime_1.7.0.20160603-1931/jars/commons-lang3-3.4.jar
7f90cc266000-7f90cc267000 r--s 00006000 fd:02 415624                     /home/softwares/eclipse/plugins/org.eclipse.m2e.maven.runtime_1.7.0.20160603-1931/jars/plexus-sec-dispatcher-1.3.jar
7f90cc267000-7f90cc268000 ---p 00000000 00:00 0 
7f90cc268000-7f90cc368000 rw-p 00000000 00:00 0                          [stack:10408]
7f90cc368000-7f90cc36b000 ---p 00000000 00:00 0 
7f90cc36b000-7f90cc469000 rw-p 00000000 00:00 0                          [stack:10407]
7f90cc469000-7f90cc46c000 ---p 00000000 00:00 0 
7f90cc46c000-7f90cc56a000 rw-p 00000000 00:00 0                          [stack:10406]
7f90cc56a000-7f90cc56d000 ---p 00000000 00:00 0 
7f90cc56d000-7f90cc66b000 rw-p 00000000 00:00 0                          [stack:10405]
7f90cc66b000-7f90cc66e000 ---p 00000000 00:00 0 
7f90cc66e000-7f90cc76c000 rw-p 00000000 00:00 0                          [stack:10404]
7f90cc76c000-7f90cc76f000 ---p 00000000 00:00 0 
7f90cc76f000-7f90cc86d000 rw-p 00000000 00:00 0                          [stack:10403]
7f90cc86d000-7f90cc870000 ---p 00000000 00:00 0 
7f90cc870000-7f90cc96e000 rw-p 00000000 00:00 0                          [stack:10402]
7f90cc96e000-7f90cc971000 ---p 00000000 00:00 0 
7f90cc971000-7f90cca6f000 rw-p 00000000 00:00 0                          [stack:10401]
7f90cca6f000-7f90cca72000 ---p 00000000 00:00 0 
7f90cca72000-7f90ccb70000 rw-p 00000000 00:00 0                          [stack:10400]
7f90ccb70000-7f90ccb71000 ---p 00000000 00:00 0 
7f90ccb71000-7f90ce8b5000 rw-p 00000000 00:00 0                          [stack:10399]
7f90ce8b5000-7f90cea8e000 r--s 03d2c000 fd:02 410102                     /home/softwares/jdk1.8.0_112/jre/lib/rt.jar
7f90cea8e000-7f90cfadf000 rw-p 00000000 00:00 0 
7f90cfadf000-7f90cfae0000 ---p 00000000 00:00 0 
7f90cfae0000-7f90cfbe0000 rw-p 00000000 00:00 0                          [stack:10398]
7f90cfbe0000-7f90cfbe1000 ---p 00000000 00:00 0 
7f90cfbe1000-7f90cfce1000 rw-p 00000000 00:00 0                          [stack:10397]
7f90cfce1000-7f90cfce2000 ---p 00000000 00:00 0 
7f90cfce2000-7f90cfde2000 rw-p 00000000 00:00 0                          [stack:10396]
7f90cfde2000-7f90cfde3000 ---p 00000000 00:00 0 
7f90cfde3000-7f90cfee3000 rw-p 00000000 00:00 0                          [stack:10395]
7f90cfee3000-7f90cfee4000 ---p 00000000 00:00 0 
7f90cfee4000-7f90cffe4000 rw-p 00000000 00:00 0                          [stack:10394]
7f90cffe4000-7f90cffe5000 ---p 00000000 00:00 0 
7f90cffe5000-7f90d00e5000 rw-p 00000000 00:00 0                          [stack:10393]
7f90d00e5000-7f90d00e6000 ---p 00000000 00:00 0 
7f90d00e6000-7f90d01e6000 rw-p 00000000 00:00 0                          [stack:10392]
7f90d01e6000-7f90d01e7000 ---p 00000000 00:00 0 
7f90d01e7000-7f90d032a000 rw-p 00000000 00:00 0                          [stack:10391]
7f90d032a000-7f90d0824000 ---p 00000000 00:00 0 
7f90d0824000-7f90d0867000 rw-p 00000000 00:00 0 
7f90d0867000-7f90d0d60000 ---p 00000000 00:00 0 
7f90d0d60000-7f90d0ebc000 rw-p 00000000 00:00 0 
7f90d0ebc000-7f90d0fff000 ---p 00000000 00:00 0 
7f90d0fff000-7f90d1000000 rw-p 00000000 00:00 0 
7f90d1000000-7f90d2920000 rwxp 00000000 00:00 0 
7f90d2920000-7f90e0000000 ---p 00000000 00:00 0 
7f90e0000000-7f90e0ef4000 rw-p 00000000 00:00 0 
7f90e0ef4000-7f90e4000000 ---p 00000000 00:00 0 
7f90e4000000-7f90e4002000 r--s 00000000 fd:02 415642                     /home/softwares/eclipse/plugins/org.eclipse.m2e.maven.runtime_1.7.0.20160603-1931/jars/plexus-component-annotations-1.6.jar
7f90e4002000-7f90e4006000 r--s 00038000 fd:02 415629                     /home/softwares/eclipse/plugins/org.eclipse.m2e.maven.runtime_1.7.0.20160603-1931/jars/plexus-utils-3.0.22.jar
7f90e4006000-7f90e4009000 r--s 0000d000 fd:02 415623                     /home/softwares/eclipse/plugins/org.eclipse.m2e.maven.runtime_1.7.0.20160603-1931/jars/plexus-interpolation-1.21.jar
7f90e4009000-7f90e4012000 r--s 0005f000 fd:02 415609                     /home/softwares/eclipse/plugins/org.eclipse.m2e.maven.runtime_1.7.0.20160603-1931/jars/guice-4.0-no_aop.jar
7f90e4012000-7f90e4016000 r--s 00020000 fd:02 415615                     /home/softwares/eclipse/plugins/org.eclipse.m2e.maven.runtime_1.7.0.20160603-1931/jars/aether-util-1.0.2.v20150114.jar
7f90e4016000-7f90e401b000 r--s 0001d000 fd:02 415613                     /home/softwares/eclipse/plugins/org.eclipse.m2e.maven.runtime_1.7.0.20160603-1931/jars/aether-api-1.0.2.v20150114.jar
7f90e401b000-7f90e4020000 r--s 00027000 fd:02 415610                     /home/softwares/eclipse/plugins/org.eclipse.m2e.maven.runtime_1.7.0.20160603-1931/jars/maven-model-builder-3.3.9.jar
7f90e4020000-7f90e40d4000 rw-p 00000000 00:00 0 
7f90e40d4000-7f90e442f000 ---p 00000000 00:00 0 
7f90e442f000-7f90e4449000 r-xp 00000000 fd:02 410137                     /home/softwares/jdk1.8.0_112/jre/lib/amd64/libzip.so
7f90e4449000-7f90e4649000 ---p 0001a000 fd:02 410137                     /home/softwares/jdk1.8.0_112/jre/lib/amd64/libzip.so
7f90e4649000-7f90e464a000 rw-p 0001a000 fd:02 410137                     /home/softwares/jdk1.8.0_112/jre/lib/amd64/libzip.so
7f90e464a000-7f90e4657000 r-xp 00000000 fd:00 786464                     /lib64/libnss_files-2.12.so
7f90e4657000-7f90e4856000 ---p 0000d000 fd:00 786464                     /lib64/libnss_files-2.12.so
7f90e4856000-7f90e4857000 r--p 0000c000 fd:00 786464                     /lib64/libnss_files-2.12.so
7f90e4857000-7f90e4858000 rw-p 0000d000 fd:00 786464                     /lib64/libnss_files-2.12.so
7f90e4858000-7f90e4883000 r-xp 00000000 fd:02 410169                     /home/softwares/jdk1.8.0_112/jre/lib/amd64/libjava.so
7f90e4883000-7f90e4a82000 ---p 0002b000 fd:02 410169                     /home/softwares/jdk1.8.0_112/jre/lib/amd64/libjava.so
7f90e4a82000-7f90e4a84000 rw-p 0002a000 fd:02 410169                     /home/softwares/jdk1.8.0_112/jre/lib/amd64/libjava.so
7f90e4a84000-7f90e4a91000 r-xp 00000000 fd:02 410112                     /home/softwares/jdk1.8.0_112/jre/lib/amd64/libverify.so
7f90e4a91000-7f90e4c90000 ---p 0000d000 fd:02 410112                     /home/softwares/jdk1.8.0_112/jre/lib/amd64/libverify.so
7f90e4c90000-7f90e4c92000 rw-p 0000c000 fd:02 410112                     /home/softwares/jdk1.8.0_112/jre/lib/amd64/libverify.so
7f90e4c92000-7f90e4c99000 r-xp 00000000 fd:00 786476                     /lib64/librt-2.12.so
7f90e4c99000-7f90e4e98000 ---p 00007000 fd:00 786476                     /lib64/librt-2.12.so
7f90e4e98000-7f90e4e99000 r--p 00006000 fd:00 786476                     /lib64/librt-2.12.so
7f90e4e99000-7f90e4e9a000 rw-p 00007000 fd:00 786476                     /lib64/librt-2.12.so
7f90e4e9a000-7f90e4f1d000 r-xp 00000000 fd:00 786456                     /lib64/libm-2.12.so
7f90e4f1d000-7f90e511c000 ---p 00083000 fd:00 786456                     /lib64/libm-2.12.so
7f90e511c000-7f90e511d000 r--p 00082000 fd:00 786456                     /lib64/libm-2.12.so
7f90e511d000-7f90e511e000 rw-p 00083000 fd:00 786456                     /lib64/libm-2.12.so
7f90e511e000-7f90e5dec000 r-xp 00000000 fd:02 410175                     /home/softwares/jdk1.8.0_112/jre/lib/amd64/server/libjvm.so
7f90e5dec000-7f90e5fec000 ---p 00cce000 fd:02 410175                     /home/softwares/jdk1.8.0_112/jre/lib/amd64/server/libjvm.so
7f90e5fec000-7f90e60c5000 rw-p 00cce000 fd:02 410175                     /home/softwares/jdk1.8.0_112/jre/lib/amd64/server/libjvm.so
7f90e60c5000-7f90e6110000 rw-p 00000000 00:00 0 
7f90e6110000-7f90e629a000 r-xp 00000000 fd:00 786448                     /lib64/libc-2.12.so
7f90e629a000-7f90e649a000 ---p 0018a000 fd:00 786448                     /lib64/libc-2.12.so
7f90e649a000-7f90e649e000 r--p 0018a000 fd:00 786448                     /lib64/libc-2.12.so
7f90e649e000-7f90e64a0000 rw-p 0018e000 fd:00 786448                     /lib64/libc-2.12.so
7f90e64a0000-7f90e64a4000 rw-p 00000000 00:00 0 
7f90e64a4000-7f90e64a6000 r-xp 00000000 fd:00 786454                     /lib64/libdl-2.12.so
7f90e64a6000-7f90e66a6000 ---p 00002000 fd:00 786454                     /lib64/libdl-2.12.so
7f90e66a6000-7f90e66a7000 r--p 00002000 fd:00 786454                     /lib64/libdl-2.12.so
7f90e66a7000-7f90e66a8000 rw-p 00003000 fd:00 786454                     /lib64/libdl-2.12.so
7f90e66a8000-7f90e66bd000 r-xp 00000000 fd:02 409236                     /home/softwares/jdk1.8.0_112/lib/amd64/jli/libjli.so
7f90e66bd000-7f90e68bd000 ---p 00015000 fd:02 409236                     /home/softwares/jdk1.8.0_112/lib/amd64/jli/libjli.so
7f90e68bd000-7f90e68be000 rw-p 00015000 fd:02 409236                     /home/softwares/jdk1.8.0_112/lib/amd64/jli/libjli.so
7f90e68be000-7f90e68d5000 r-xp 00000000 fd:00 786472                     /lib64/libpthread-2.12.so
7f90e68d5000-7f90e6ad5000 ---p 00017000 fd:00 786472                     /lib64/libpthread-2.12.so
7f90e6ad5000-7f90e6ad6000 r--p 00017000 fd:00 786472                     /lib64/libpthread-2.12.so
7f90e6ad6000-7f90e6ad7000 rw-p 00018000 fd:00 786472                     /lib64/libpthread-2.12.so
7f90e6ad7000-7f90e6adb000 rw-p 00000000 00:00 0 
7f90e6adb000-7f90e6afb000 r-xp 00000000 fd:00 786441                     /lib64/ld-2.12.so
7f90e6afb000-7f90e6afd000 r--s 0000f000 fd:02 415628                     /home/softwares/eclipse/plugins/org.eclipse.m2e.maven.runtime_1.7.0.20160603-1931/jars/maven-aether-provider-3.3.9.jar
7f90e6afd000-7f90e6aff000 r--s 0000a000 fd:02 415632                     /home/softwares/eclipse/plugins/org.eclipse.m2e.maven.runtime_1.7.0.20160603-1931/jars/maven-plugin-api-3.3.9.jar
7f90e6aff000-7f90e6b01000 r--s 0000c000 fd:02 415633                     /home/softwares/eclipse/plugins/org.eclipse.m2e.maven.runtime_1.7.0.20160603-1931/jars/maven-artifact-3.3.9.jar
7f90e6b01000-7f90e6b02000 r--s 00006000 fd:02 415643                     /home/softwares/eclipse/plugins/org.eclipse.m2e.maven.runtime_1.7.0.20160603-1931/jars/maven-repository-metadata-3.3.9.jar
7f90e6b02000-7f90e6b03000 r--s 00003000 fd:02 415637                     /home/softwares/eclipse/plugins/org.eclipse.m2e.maven.runtime_1.7.0.20160603-1931/jars/maven-builder-support-3.3.9.jar
7f90e6b03000-7f90e6b05000 r--s 00009000 fd:02 415639                     /home/softwares/eclipse/plugins/org.eclipse.m2e.maven.runtime_1.7.0.20160603-1931/jars/maven-settings-builder-3.3.9.jar
7f90e6b05000-7f90e6b06000 r--s 0000a000 fd:02 415614                     /home/softwares/eclipse/plugins/org.eclipse.m2e.maven.runtime_1.7.0.20160603-1931/jars/maven-settings-3.3.9.jar
7f90e6b06000-7f90e6b09000 r--s 00026000 fd:02 415621                     /home/softwares/eclipse/plugins/org.eclipse.m2e.maven.runtime_1.7.0.20160603-1931/jars/maven-model-3.3.9.jar
7f90e6b09000-7f90e6bdb000 rw-p 00000000 00:00 0 
7f90e6bdb000-7f90e6bde000 ---p 00000000 00:00 0 
7f90e6bde000-7f90e6ce0000 rw-p 00000000 00:00 0                          [stack:10389]
7f90e6ce0000-7f90e6ced000 r--s 0008f000 fd:02 415644                     /home/softwares/eclipse/plugins/org.eclipse.m2e.maven.runtime_1.7.0.20160603-1931/jars/maven-core-3.3.9.jar
7f90e6ced000-7f90e6cef000 r--s 0000b000 fd:02 415611                     /home/softwares/eclipse/plugins/org.eclipse.m2e.maven.runtime_1.7.0.20160603-1931/jars/plexus-classworlds-2.5.2.jar
7f90e6cef000-7f90e6cf7000 rw-s 00000000 fd:00 1316272                    /tmp/hsperfdata_jliu/10383
7f90e6cf7000-7f90e6cf8000 rw-p 00000000 00:00 0 
7f90e6cf8000-7f90e6cf9000 ---p 00000000 00:00 0 
7f90e6cf9000-7f90e6cfa000 rw-p 00000000 00:00 0 
7f90e6cfa000-7f90e6cfb000 r--p 0001f000 fd:00 786441                     /lib64/ld-2.12.so
7f90e6cfb000-7f90e6cfc000 rw-p 00020000 fd:00 786441                     /lib64/ld-2.12.so
7f90e6cfc000-7f90e6cfd000 rw-p 00000000 00:00 0 
7fff1536e000-7fff15390000 rw-p 00000000 00:00 0                          [stack]
7fff153e1000-7fff153e3000 r-xp 00000000 00:00 0                          [vdso]
ffffffffff600000-ffffffffff601000 r-xp 00000000 00:00 0                  [vsyscall]

VM Arguments:
jvm_args: -Dmaven.home=EMBEDDED -Dclassworlds.conf=/home/jliu/workspace/.metadata/.plugins/org.eclipse.m2e.launching/launches/m2conf6011544637515684779.tmp -Dmaven.multiModuleProjectDirectory=/home/jliu/workspace/storm-core -Dfile.encoding=UTF-8 
java_command: org.codehaus.plexus.classworlds.launcher.Launcher -B clean package
java_class_path (initial): /home/softwares/eclipse/plugins/org.eclipse.m2e.maven.runtime_1.7.0.20160603-1931/jars/plexus-classworlds-2.5.2.jar
Launcher Type: SUN_STANDARD

Environment Variables:
JAVA_HOME=/usr/local/jdk
PATH=/usr/local/synopsys/hspice//hspice/bin:/usr/local/synopsys/spice_explorer_2007:/usr/lib64/qt-3.3/bin:/usr/local/bin:/bin:/usr/bin:/usr/local/sbin:/usr/sbin:/usr/local/jdk/bin:/usr/local/scala/bin:/usr/local/zookeeper/bin:/usr/local/hadoop/bin:/usr/local/hadoop/sbin:/usr/local/spark/bin:/usr/local/jdk/bin:/usr/local/maven/bin:/usr/local/yasm/bin:/usr/local/x264/bin:/usr/local/ffmpeg/bin:/usr/local/opencv/bin:/usr/local/storm/bin:/usr/local/eclipse:/home/jliu/bin:/usr/local/jdk/bin:/usr/local/scala/bin:/usr/local/zookeeper/bin:/usr/local/hadoop/bin:/usr/local/hadoop/sbin:/usr/local/spark/bin:/usr/local/jdk/bin:/usr/local/maven/bin:/usr/local/yasm/bin:/usr/local/x264/bin:/usr/local/ffmpeg/bin:/usr/local/opencv/bin:/usr/local/storm/bin:/usr/local/eclipse:/usr/local/eclipse-cdt:/usr/local/tomcat/bin
SHELL=/bin/bash
DISPLAY=:3.0

Signal Handlers:
SIGSEGV: [libjvm.so+0xac7800], sa_mask[0]=11111111011111111101111111111110, sa_flags=SA_RESTART|SA_SIGINFO
SIGBUS: [libjvm.so+0xac7800], sa_mask[0]=11111111011111111101111111111110, sa_flags=SA_RESTART|SA_SIGINFO
SIGFPE: [libjvm.so+0x920990], sa_mask[0]=11111111011111111101111111111110, sa_flags=SA_RESTART|SA_SIGINFO
SIGPIPE: [libjvm.so+0x920990], sa_mask[0]=11111111011111111101111111111110, sa_flags=SA_RESTART|SA_SIGINFO
SIGXFSZ: [libjvm.so+0x920990], sa_mask[0]=11111111011111111101111111111110, sa_flags=SA_RESTART|SA_SIGINFO
SIGILL: [libjvm.so+0x920990], sa_mask[0]=11111111011111111101111111111110, sa_flags=SA_RESTART|SA_SIGINFO
SIGUSR1: SIG_DFL, sa_mask[0]=00000000000000000000000000000000, sa_flags=none
SIGUSR2: [libjvm.so+0x9221d0], sa_mask[0]=00100000000000000000000000000000, sa_flags=SA_RESTART|SA_SIGINFO
SIGHUP: [libjvm.so+0x9235d0], sa_mask[0]=11111111011111111101111111111110, sa_flags=SA_RESTART|SA_SIGINFO
SIGINT: [libjvm.so+0x9235d0], sa_mask[0]=11111111011111111101111111111110, sa_flags=SA_RESTART|SA_SIGINFO
SIGTERM: [libjvm.so+0x9235d0], sa_mask[0]=11111111011111111101111111111110, sa_flags=SA_RESTART|SA_SIGINFO
SIGQUIT: [libjvm.so+0x9235d0], sa_mask[0]=11111111011111111101111111111110, sa_flags=SA_RESTART|SA_SIGINFO


---------------  S Y S T E M  ---------------

OS:CentOS release 6.8 (Final)

uname:Linux 3.10.103-1.el6.elrepo.x86_64 #1 SMP Sun Aug 28 16:41:49 EDT 2016 x86_64
libc:glibc 2.12 NPTL 2.12 
rlimit: STACK 8192k, CORE 0k, NPROC 1024, NOFILE 4096, AS infinity
load average:12.91 7.82 3.36

/proc/meminfo:
MemTotal:       16467516 kB
MemFree:           80564 kB
Buffers:            2196 kB
Cached:            36784 kB
SwapCached:        66200 kB
Active:         14178636 kB
Inactive:        1772208 kB
Active(anon):   14159340 kB
Inactive(anon):  1752924 kB
Active(file):      19296 kB
Inactive(file):    19284 kB
Unevictable:          32 kB
Mlocked:              32 kB
SwapTotal:       6709244 kB
SwapFree:          38796 kB
Dirty:                88 kB
Writeback:          2572 kB
AnonPages:      15847812 kB
Mapped:            20204 kB
Shmem:               424 kB
Slab:             186644 kB
SReclaimable:      92436 kB
SUnreclaim:        94208 kB
KernelStack:        9392 kB
PageTables:       104212 kB
NFS_Unstable:          0 kB
Bounce:                0 kB
WritebackTmp:          0 kB
CommitLimit:    14943000 kB
Committed_AS:   13974264 kB
VmallocTotal:   34359738367 kB
VmallocUsed:       40764 kB
VmallocChunk:   34359695440 kB
HardwareCorrupted:     0 kB
AnonHugePages:         0 kB
HugePages_Total:       0
HugePages_Free:        0
HugePages_Rsvd:        0
HugePages_Surp:        0
Hugepagesize:       2048 kB
DirectMap4k:    16777216 kB
DirectMap2M:           0 kB


CPU:total 8 (16 cores per cpu, 2 threads per core) family 6 model 62 stepping 7, cmov, cx8, fxsr, mmx, sse, sse2, sse3, ssse3, sse4.1, sse4.2, popcnt, avx, aes, clmul, erms, ht, tsc

/proc/cpuinfo:
processor	: 0
vendor_id	: GenuineIntel
cpu family	: 6
model		: 62
model name	: Intel(R) Xeon(R) CPU E7-4820 v2 @ 2.00GHz
stepping	: 7
microcode	: 0x70d
cpu MHz		: 2000.052
cache size	: 16384 KB
physical id	: 0
siblings	: 8
core id		: 0
cpu cores	: 1
apicid		: 0
initial apicid	: 35
fpu		: yes
fpu_exception	: yes
cpuid level	: 13
wp		: yes
flags		: fpu de tsc msr pae mce cx8 sep mca cmov pat clflush mmx fxsr sse sse2 ht syscall nx lm constant_tsc rep_good nopl eagerfpu pni pclmulqdq ssse3 cx16 sse4_1 sse4_2 popcnt aes xsave avx f16c rdrand hypervisor lahf_lm ida arat xsaveopt pln pts dtherm fsgsbase erms
bogomips	: 4000.10
clflush size	: 64
cache_alignment	: 64
address sizes	: 46 bits physical, 48 bits virtual
power management:

processor	: 1
vendor_id	: GenuineIntel
cpu family	: 6
model		: 62
model name	: Intel(R) Xeon(R) CPU E7-4820 v2 @ 2.00GHz
stepping	: 7
microcode	: 0x70d
cpu MHz		: 2000.052
cache size	: 16384 KB
physical id	: 0
siblings	: 8
core id		: 0
cpu cores	: 1
apicid		: 0
initial apicid	: 35
fpu		: yes
fpu_exception	: yes
cpuid level	: 13
wp		: yes
flags		: fpu de tsc msr pae mce cx8 sep mca cmov pat clflush mmx fxsr sse sse2 ht syscall nx lm constant_tsc rep_good nopl eagerfpu pni pclmulqdq ssse3 cx16 sse4_1 sse4_2 popcnt aes xsave avx f16c rdrand hypervisor lahf_lm ida arat xsaveopt pln pts dtherm fsgsbase erms
bogomips	: 4000.10
clflush size	: 64
cache_alignment	: 64
address sizes	: 46 bits physical, 48 bits virtual
power management:

processor	: 2
vendor_id	: GenuineIntel
cpu family	: 6
model		: 62
model name	: Intel(R) Xeon(R) CPU E7-4820 v2 @ 2.00GHz
stepping	: 7
microcode	: 0x70d
cpu MHz		: 2000.052
cache size	: 16384 KB
physical id	: 0
siblings	: 8
core id		: 0
cpu cores	: 1
apicid		: 0
initial apicid	: 35
fpu		: yes
fpu_exception	: yes
cpuid level	: 13
wp		: yes
flags		: fpu de tsc msr pae mce cx8 sep mca cmov pat clflush mmx fxsr sse sse2 ht syscall nx lm constant_tsc rep_good nopl eagerfpu pni pclmulqdq ssse3 cx16 sse4_1 sse4_2 popcnt aes xsave avx f16c rdrand hypervisor lahf_lm ida arat xsaveopt pln pts dtherm fsgsbase erms
bogomips	: 4000.10
clflush size	: 64
cache_alignment	: 64
address sizes	: 46 bits physical, 48 bits virtual
power management:

processor	: 3
vendor_id	: GenuineIntel
cpu family	: 6
model		: 62
model name	: Intel(R) Xeon(R) CPU E7-4820 v2 @ 2.00GHz
stepping	: 7
microcode	: 0x70d
cpu MHz		: 2000.052
cache size	: 16384 KB
physical id	: 0
siblings	: 8
core id		: 0
cpu cores	: 1
apicid		: 0
initial apicid	: 35
fpu		: yes
fpu_exception	: yes
cpuid level	: 13
wp		: yes
flags		: fpu de tsc msr pae mce cx8 sep mca cmov pat clflush mmx fxsr sse sse2 ht syscall nx lm constant_tsc rep_good nopl eagerfpu pni pclmulqdq ssse3 cx16 sse4_1 sse4_2 popcnt aes xsave avx f16c rdrand hypervisor lahf_lm ida arat xsaveopt pln pts dtherm fsgsbase erms
bogomips	: 4000.10
clflush size	: 64
cache_alignment	: 64
address sizes	: 46 bits physical, 48 bits virtual
power management:

processor	: 4
vendor_id	: GenuineIntel
cpu family	: 6
model		: 62
model name	: Intel(R) Xeon(R) CPU E7-4820 v2 @ 2.00GHz
stepping	: 7
microcode	: 0x70d
cpu MHz		: 2000.052
cache size	: 16384 KB
physical id	: 0
siblings	: 8
core id		: 0
cpu cores	: 1
apicid		: 0
initial apicid	: 35
fpu		: yes
fpu_exception	: yes
cpuid level	: 13
wp		: yes
flags		: fpu de tsc msr pae mce cx8 sep mca cmov pat clflush mmx fxsr sse sse2 ht syscall nx lm constant_tsc rep_good nopl eagerfpu pni pclmulqdq ssse3 cx16 sse4_1 sse4_2 popcnt aes xsave avx f16c rdrand hypervisor lahf_lm ida arat xsaveopt pln pts dtherm fsgsbase erms
bogomips	: 4000.10
clflush size	: 64
cache_alignment	: 64
address sizes	: 46 bits physical, 48 bits virtual
power management:

processor	: 5
vendor_id	: GenuineIntel
cpu family	: 6
model		: 62
model name	: Intel(R) Xeon(R) CPU E7-4820 v2 @ 2.00GHz
stepping	: 7
microcode	: 0x70d
cpu MHz		: 2000.052
cache size	: 16384 KB
physical id	: 0
siblings	: 8
core id		: 0
cpu cores	: 1
apicid		: 0
initial apicid	: 35
fpu		: yes
fpu_exception	: yes
cpuid level	: 13
wp		: yes
flags		: fpu de tsc msr pae mce cx8 sep mca cmov pat clflush mmx fxsr sse sse2 ht syscall nx lm constant_tsc rep_good nopl eagerfpu pni pclmulqdq ssse3 cx16 sse4_1 sse4_2 popcnt aes xsave avx f16c rdrand hypervisor lahf_lm ida arat xsaveopt pln pts dtherm fsgsbase erms
bogomips	: 4000.10
clflush size	: 64
cache_alignment	: 64
address sizes	: 46 bits physical, 48 bits virtual
power management:

processor	: 6
vendor_id	: GenuineIntel
cpu family	: 6
model		: 62
model name	: Intel(R) Xeon(R) CPU E7-4820 v2 @ 2.00GHz
stepping	: 7
microcode	: 0x70d
cpu MHz		: 2000.052
cache size	: 16384 KB
physical id	: 0
siblings	: 8
core id		: 0
cpu cores	: 1
apicid		: 0
initial apicid	: 35
fpu		: yes
fpu_exception	: yes
cpuid level	: 13
wp		: yes
flags		: fpu de tsc msr pae mce cx8 sep mca cmov pat clflush mmx fxsr sse sse2 ht syscall nx lm constant_tsc rep_good nopl eagerfpu pni pclmulqdq ssse3 cx16 sse4_1 sse4_2 popcnt aes xsave avx f16c rdrand hypervisor lahf_lm ida arat xsaveopt pln pts dtherm fsgsbase erms
bogomips	: 4000.10
clflush size	: 64
cache_alignment	: 64
address sizes	: 46 bits physical, 48 bits virtual
power management:

processor	: 7
vendor_id	: GenuineIntel
cpu family	: 6
model		: 62
model name	: Intel(R) Xeon(R) CPU E7-4820 v2 @ 2.00GHz
stepping	: 7
microcode	: 0x70d
cpu MHz		: 2000.052
cache size	: 16384 KB
physical id	: 0
siblings	: 8
core id		: 0
cpu cores	: 1
apicid		: 0
initial apicid	: 35
fpu		: yes
fpu_exception	: yes
cpuid level	: 13
wp		: yes
flags		: fpu de tsc msr pae mce cx8 sep mca cmov pat clflush mmx fxsr sse sse2 ht syscall nx lm constant_tsc rep_good nopl eagerfpu pni pclmulqdq ssse3 cx16 sse4_1 sse4_2 popcnt aes xsave avx f16c rdrand hypervisor lahf_lm ida arat xsaveopt pln pts dtherm fsgsbase erms
bogomips	: 4000.10
clflush size	: 64
cache_alignment	: 64
address sizes	: 46 bits physical, 48 bits virtual
power management:



Memory: 4k page, physical 16467516k(80628k free), swap 6709244k(38668k free)

vm_info: Java HotSpot(TM) 64-Bit Server VM (25.112-b15) for linux-amd64 JRE (1.8.0_112-b15), built on Sep 22 2016 21:10:53 by "java_re" with gcc 4.3.0 20080428 (Red Hat 4.3.0-8)

time: Wed Dec 21 12:13:33 2016
elapsed time: 93 seconds (0d 0h 1m 33s)

